Performing C SOURCE FILE Test OpenMP_FLAG_DETECTED failed with the following output:
Change Dir: /Users/Kyle/Google Drive/#Summer Research 2017/Code/CameraCalibration/src/aruco-2.0.19/build/CMakeFiles/CMakeTmp

Run Build Command:"/usr/bin/make" "cmTC_3bc79/fast"
/Applications/Xcode.app/Contents/Developer/usr/bin/make -f CMakeFiles/cmTC_3bc79.dir/build.make CMakeFiles/cmTC_3bc79.dir/build
Building C object CMakeFiles/cmTC_3bc79.dir/src.c.o
/Applications/Xcode.app/Contents/Developer/Toolchains/XcodeDefault.xctoolchain/usr/bin/cc   -DOpenMP_FLAG_DETECTED -fopenmp=libomp   -o CMakeFiles/cmTC_3bc79.dir/src.c.o   -c "/Users/Kyle/Google Drive/#Summer Research 2017/Code/CameraCalibration/src/aruco-2.0.19/build/CMakeFiles/CMakeTmp/src.c"
clang: error: unsupported argument 'libomp' to option 'fopenmp='
make[1]: *** [CMakeFiles/cmTC_3bc79.dir/src.c.o] Error 1
make: *** [cmTC_3bc79/fast] Error 2

Source file was:

#include <omp.h>
int main() {
#ifdef _OPENMP
  return 0;
#else
  breaks_on_purpose
#endif
}

Performing C SOURCE FILE Test OpenMP_FLAG_DETECTED failed with the following output:
Change Dir: /Users/Kyle/Google Drive/#Summer Research 2017/Code/CameraCalibration/src/aruco-2.0.19/build/CMakeFiles/CMakeTmp

Run Build Command:"/usr/bin/make" "cmTC_82bb6/fast"
/Applications/Xcode.app/Contents/Developer/usr/bin/make -f CMakeFiles/cmTC_82bb6.dir/build.make CMakeFiles/cmTC_82bb6.dir/build
Building C object CMakeFiles/cmTC_82bb6.dir/src.c.o
/Applications/Xcode.app/Contents/Developer/Toolchains/XcodeDefault.xctoolchain/usr/bin/cc   -DOpenMP_FLAG_DETECTED   -o CMakeFiles/cmTC_82bb6.dir/src.c.o   -c "/Users/Kyle/Google Drive/#Summer Research 2017/Code/CameraCalibration/src/aruco-2.0.19/build/CMakeFiles/CMakeTmp/src.c"
/Users/Kyle/Google Drive/#Summer Research 2017/Code/CameraCalibration/src/aruco-2.0.19/build/CMakeFiles/CMakeTmp/src.c:2:10: fatal error: 'omp.h' file not found
#include <omp.h>
         ^
1 error generated.
make[1]: *** [CMakeFiles/cmTC_82bb6.dir/src.c.o] Error 1
make: *** [cmTC_82bb6/fast] Error 2

Source file was:

#include <omp.h>
int main() {
#ifdef _OPENMP
  return 0;
#else
  breaks_on_purpose
#endif
}

Performing C SOURCE FILE Test OpenMP_FLAG_DETECTED failed with the following output:
Change Dir: /Users/Kyle/Google Drive/#Summer Research 2017/Code/CameraCalibration/src/aruco-2.0.19/build/CMakeFiles/CMakeTmp

Run Build Command:"/usr/bin/make" "cmTC_76b40/fast"
/Applications/Xcode.app/Contents/Developer/usr/bin/make -f CMakeFiles/cmTC_76b40.dir/build.make CMakeFiles/cmTC_76b40.dir/build
Building C object CMakeFiles/cmTC_76b40.dir/src.c.o
/Applications/Xcode.app/Contents/Developer/Toolchains/XcodeDefault.xctoolchain/usr/bin/cc   -DOpenMP_FLAG_DETECTED -fopenmp   -o CMakeFiles/cmTC_76b40.dir/src.c.o   -c "/Users/Kyle/Google Drive/#Summer Research 2017/Code/CameraCalibration/src/aruco-2.0.19/build/CMakeFiles/CMakeTmp/src.c"
clang: error: unsupported option '-fopenmp'
make[1]: *** [CMakeFiles/cmTC_76b40.dir/src.c.o] Error 1
make: *** [cmTC_76b40/fast] Error 2

Source file was:

#include <omp.h>
int main() {
#ifdef _OPENMP
  return 0;
#else
  breaks_on_purpose
#endif
}

Performing C SOURCE FILE Test OpenMP_FLAG_DETECTED failed with the following output:
Change Dir: /Users/Kyle/Google Drive/#Summer Research 2017/Code/CameraCalibration/src/aruco-2.0.19/build/CMakeFiles/CMakeTmp

Run Build Command:"/usr/bin/make" "cmTC_b4484/fast"
/Applications/Xcode.app/Contents/Developer/usr/bin/make -f CMakeFiles/cmTC_b4484.dir/build.make CMakeFiles/cmTC_b4484.dir/build
Building C object CMakeFiles/cmTC_b4484.dir/src.c.o
/Applications/Xcode.app/Contents/Developer/Toolchains/XcodeDefault.xctoolchain/usr/bin/cc   -DOpenMP_FLAG_DETECTED /openmp   -o CMakeFiles/cmTC_b4484.dir/src.c.o   -c "/Users/Kyle/Google Drive/#Summer Research 2017/Code/CameraCalibration/src/aruco-2.0.19/build/CMakeFiles/CMakeTmp/src.c"
clang: error: no such file or directory: '/openmp'
make[1]: *** [CMakeFiles/cmTC_b4484.dir/src.c.o] Error 1
make: *** [cmTC_b4484/fast] Error 2

Source file was:

#include <omp.h>
int main() {
#ifdef _OPENMP
  return 0;
#else
  breaks_on_purpose
#endif
}

Performing C SOURCE FILE Test OpenMP_FLAG_DETECTED failed with the following output:
Change Dir: /Users/Kyle/Google Drive/#Summer Research 2017/Code/CameraCalibration/src/aruco-2.0.19/build/CMakeFiles/CMakeTmp

Run Build Command:"/usr/bin/make" "cmTC_060c6/fast"
/Applications/Xcode.app/Contents/Developer/usr/bin/make -f CMakeFiles/cmTC_060c6.dir/build.make CMakeFiles/cmTC_060c6.dir/build
Building C object CMakeFiles/cmTC_060c6.dir/src.c.o
/Applications/Xcode.app/Contents/Developer/Toolchains/XcodeDefault.xctoolchain/usr/bin/cc   -DOpenMP_FLAG_DETECTED -Qopenmp   -o CMakeFiles/cmTC_060c6.dir/src.c.o   -c "/Users/Kyle/Google Drive/#Summer Research 2017/Code/CameraCalibration/src/aruco-2.0.19/build/CMakeFiles/CMakeTmp/src.c"
clang: error: unknown argument: '-Qopenmp'
make[1]: *** [CMakeFiles/cmTC_060c6.dir/src.c.o] Error 1
make: *** [cmTC_060c6/fast] Error 2

Source file was:

#include <omp.h>
int main() {
#ifdef _OPENMP
  return 0;
#else
  breaks_on_purpose
#endif
}

Performing C SOURCE FILE Test OpenMP_FLAG_DETECTED failed with the following output:
Change Dir: /Users/Kyle/Google Drive/#Summer Research 2017/Code/CameraCalibration/src/aruco-2.0.19/build/CMakeFiles/CMakeTmp

Run Build Command:"/usr/bin/make" "cmTC_59160/fast"
/Applications/Xcode.app/Contents/Developer/usr/bin/make -f CMakeFiles/cmTC_59160.dir/build.make CMakeFiles/cmTC_59160.dir/build
Building C object CMakeFiles/cmTC_59160.dir/src.c.o
/Applications/Xcode.app/Contents/Developer/Toolchains/XcodeDefault.xctoolchain/usr/bin/cc   -DOpenMP_FLAG_DETECTED -openmp   -o CMakeFiles/cmTC_59160.dir/src.c.o   -c "/Users/Kyle/Google Drive/#Summer Research 2017/Code/CameraCalibration/src/aruco-2.0.19/build/CMakeFiles/CMakeTmp/src.c"
/Users/Kyle/Google Drive/#Summer Research 2017/Code/CameraCalibration/src/aruco-2.0.19/build/CMakeFiles/CMakeTmp/src.c:2:10: fatal error: 'omp.h' file not found
#include <omp.h>
         ^
1 error generated.
make[1]: *** [CMakeFiles/cmTC_59160.dir/src.c.o] Error 1
make: *** [cmTC_59160/fast] Error 2

Source file was:

#include <omp.h>
int main() {
#ifdef _OPENMP
  return 0;
#else
  breaks_on_purpose
#endif
}

Performing C SOURCE FILE Test OpenMP_FLAG_DETECTED failed with the following output:
Change Dir: /Users/Kyle/Google Drive/#Summer Research 2017/Code/CameraCalibration/src/aruco-2.0.19/build/CMakeFiles/CMakeTmp

Run Build Command:"/usr/bin/make" "cmTC_8e3ad/fast"
/Applications/Xcode.app/Contents/Developer/usr/bin/make -f CMakeFiles/cmTC_8e3ad.dir/build.make CMakeFiles/cmTC_8e3ad.dir/build
Building C object CMakeFiles/cmTC_8e3ad.dir/src.c.o
/Applications/Xcode.app/Contents/Developer/Toolchains/XcodeDefault.xctoolchain/usr/bin/cc   -DOpenMP_FLAG_DETECTED -xopenmp   -o CMakeFiles/cmTC_8e3ad.dir/src.c.o   -c "/Users/Kyle/Google Drive/#Summer Research 2017/Code/CameraCalibration/src/aruco-2.0.19/build/CMakeFiles/CMakeTmp/src.c"
clang: error: language not recognized: 'openmp'
clang: warning: /Users/Kyle/Google Drive/#Summer Research 2017/Code/CameraCalibration/src/aruco-2.0.19/build/CMakeFiles/CMakeTmp/src.c: 'linker' input unused [-Wunused-command-line-argument]
make[1]: *** [CMakeFiles/cmTC_8e3ad.dir/src.c.o] Error 1
make: *** [cmTC_8e3ad/fast] Error 2

Source file was:

#include <omp.h>
int main() {
#ifdef _OPENMP
  return 0;
#else
  breaks_on_purpose
#endif
}

Performing C SOURCE FILE Test OpenMP_FLAG_DETECTED failed with the following output:
Change Dir: /Users/Kyle/Google Drive/#Summer Research 2017/Code/CameraCalibration/src/aruco-2.0.19/build/CMakeFiles/CMakeTmp

Run Build Command:"/usr/bin/make" "cmTC_475d9/fast"
/Applications/Xcode.app/Contents/Developer/usr/bin/make -f CMakeFiles/cmTC_475d9.dir/build.make CMakeFiles/cmTC_475d9.dir/build
Building C object CMakeFiles/cmTC_475d9.dir/src.c.o
/Applications/Xcode.app/Contents/Developer/Toolchains/XcodeDefault.xctoolchain/usr/bin/cc   -DOpenMP_FLAG_DETECTED +Oopenmp   -o CMakeFiles/cmTC_475d9.dir/src.c.o   -c "/Users/Kyle/Google Drive/#Summer Research 2017/Code/CameraCalibration/src/aruco-2.0.19/build/CMakeFiles/CMakeTmp/src.c"
clang: error: no such file or directory: '+Oopenmp'
make[1]: *** [CMakeFiles/cmTC_475d9.dir/src.c.o] Error 1
make: *** [cmTC_475d9/fast] Error 2

Source file was:

#include <omp.h>
int main() {
#ifdef _OPENMP
  return 0;
#else
  breaks_on_purpose
#endif
}

Performing C SOURCE FILE Test OpenMP_FLAG_DETECTED failed with the following output:
Change Dir: /Users/Kyle/Google Drive/#Summer Research 2017/Code/CameraCalibration/src/aruco-2.0.19/build/CMakeFiles/CMakeTmp

Run Build Command:"/usr/bin/make" "cmTC_eb3fe/fast"
/Applications/Xcode.app/Contents/Developer/usr/bin/make -f CMakeFiles/cmTC_eb3fe.dir/build.make CMakeFiles/cmTC_eb3fe.dir/build
Building C object CMakeFiles/cmTC_eb3fe.dir/src.c.o
/Applications/Xcode.app/Contents/Developer/Toolchains/XcodeDefault.xctoolchain/usr/bin/cc   -DOpenMP_FLAG_DETECTED -qsmp   -o CMakeFiles/cmTC_eb3fe.dir/src.c.o   -c "/Users/Kyle/Google Drive/#Summer Research 2017/Code/CameraCalibration/src/aruco-2.0.19/build/CMakeFiles/CMakeTmp/src.c"
clang: error: unknown argument: '-qsmp'
make[1]: *** [CMakeFiles/cmTC_eb3fe.dir/src.c.o] Error 1
make: *** [cmTC_eb3fe/fast] Error 2

Source file was:

#include <omp.h>
int main() {
#ifdef _OPENMP
  return 0;
#else
  breaks_on_purpose
#endif
}

Performing C SOURCE FILE Test OpenMP_FLAG_DETECTED failed with the following output:
Change Dir: /Users/Kyle/Google Drive/#Summer Research 2017/Code/CameraCalibration/src/aruco-2.0.19/build/CMakeFiles/CMakeTmp

Run Build Command:"/usr/bin/make" "cmTC_c1431/fast"
/Applications/Xcode.app/Contents/Developer/usr/bin/make -f CMakeFiles/cmTC_c1431.dir/build.make CMakeFiles/cmTC_c1431.dir/build
Building C object CMakeFiles/cmTC_c1431.dir/src.c.o
/Applications/Xcode.app/Contents/Developer/Toolchains/XcodeDefault.xctoolchain/usr/bin/cc   -DOpenMP_FLAG_DETECTED -mp   -o CMakeFiles/cmTC_c1431.dir/src.c.o   -c "/Users/Kyle/Google Drive/#Summer Research 2017/Code/CameraCalibration/src/aruco-2.0.19/build/CMakeFiles/CMakeTmp/src.c"
clang: error: unknown argument: '-mp'
make[1]: *** [CMakeFiles/cmTC_c1431.dir/src.c.o] Error 1
make: *** [cmTC_c1431/fast] Error 2

Source file was:

#include <omp.h>
int main() {
#ifdef _OPENMP
  return 0;
#else
  breaks_on_purpose
#endif
}

Performing C++ SOURCE FILE Test OpenMP_FLAG_DETECTED failed with the following output:
Change Dir: /Users/Kyle/Google Drive/#Summer Research 2017/Code/CameraCalibration/src/aruco-2.0.19/build/CMakeFiles/CMakeTmp

Run Build Command:"/usr/bin/make" "cmTC_1edaa/fast"
/Applications/Xcode.app/Contents/Developer/usr/bin/make -f CMakeFiles/cmTC_1edaa.dir/build.make CMakeFiles/cmTC_1edaa.dir/build
Building CXX object CMakeFiles/cmTC_1edaa.dir/src.cxx.o
/Applications/Xcode.app/Contents/Developer/Toolchains/XcodeDefault.xctoolchain/usr/bin/c++    -DOpenMP_FLAG_DETECTED -fopenmp=libomp   -o CMakeFiles/cmTC_1edaa.dir/src.cxx.o -c "/Users/Kyle/Google Drive/#Summer Research 2017/Code/CameraCalibration/src/aruco-2.0.19/build/CMakeFiles/CMakeTmp/src.cxx"
clang: error: unsupported argument 'libomp' to option 'fopenmp='
make[1]: *** [CMakeFiles/cmTC_1edaa.dir/src.cxx.o] Error 1
make: *** [cmTC_1edaa/fast] Error 2

Source file was:

#include <omp.h>
int main() {
#ifdef _OPENMP
  return 0;
#else
  breaks_on_purpose
#endif
}

Performing C++ SOURCE FILE Test OpenMP_FLAG_DETECTED failed with the following output:
Change Dir: /Users/Kyle/Google Drive/#Summer Research 2017/Code/CameraCalibration/src/aruco-2.0.19/build/CMakeFiles/CMakeTmp

Run Build Command:"/usr/bin/make" "cmTC_07c8c/fast"
/Applications/Xcode.app/Contents/Developer/usr/bin/make -f CMakeFiles/cmTC_07c8c.dir/build.make CMakeFiles/cmTC_07c8c.dir/build
Building CXX object CMakeFiles/cmTC_07c8c.dir/src.cxx.o
/Applications/Xcode.app/Contents/Developer/Toolchains/XcodeDefault.xctoolchain/usr/bin/c++    -DOpenMP_FLAG_DETECTED   -o CMakeFiles/cmTC_07c8c.dir/src.cxx.o -c "/Users/Kyle/Google Drive/#Summer Research 2017/Code/CameraCalibration/src/aruco-2.0.19/build/CMakeFiles/CMakeTmp/src.cxx"
/Users/Kyle/Google Drive/#Summer Research 2017/Code/CameraCalibration/src/aruco-2.0.19/build/CMakeFiles/CMakeTmp/src.cxx:2:10: fatal error: 'omp.h' file not found
#include <omp.h>
         ^
1 error generated.
make[1]: *** [CMakeFiles/cmTC_07c8c.dir/src.cxx.o] Error 1
make: *** [cmTC_07c8c/fast] Error 2

Source file was:

#include <omp.h>
int main() {
#ifdef _OPENMP
  return 0;
#else
  breaks_on_purpose
#endif
}

Performing C++ SOURCE FILE Test OpenMP_FLAG_DETECTED failed with the following output:
Change Dir: /Users/Kyle/Google Drive/#Summer Research 2017/Code/CameraCalibration/src/aruco-2.0.19/build/CMakeFiles/CMakeTmp

Run Build Command:"/usr/bin/make" "cmTC_c0258/fast"
/Applications/Xcode.app/Contents/Developer/usr/bin/make -f CMakeFiles/cmTC_c0258.dir/build.make CMakeFiles/cmTC_c0258.dir/build
Building CXX object CMakeFiles/cmTC_c0258.dir/src.cxx.o
/Applications/Xcode.app/Contents/Developer/Toolchains/XcodeDefault.xctoolchain/usr/bin/c++    -DOpenMP_FLAG_DETECTED -fopenmp   -o CMakeFiles/cmTC_c0258.dir/src.cxx.o -c "/Users/Kyle/Google Drive/#Summer Research 2017/Code/CameraCalibration/src/aruco-2.0.19/build/CMakeFiles/CMakeTmp/src.cxx"
clang: error: unsupported option '-fopenmp'
make[1]: *** [CMakeFiles/cmTC_c0258.dir/src.cxx.o] Error 1
make: *** [cmTC_c0258/fast] Error 2

Source file was:

#include <omp.h>
int main() {
#ifdef _OPENMP
  return 0;
#else
  breaks_on_purpose
#endif
}

Performing C++ SOURCE FILE Test OpenMP_FLAG_DETECTED failed with the following output:
Change Dir: /Users/Kyle/Google Drive/#Summer Research 2017/Code/CameraCalibration/src/aruco-2.0.19/build/CMakeFiles/CMakeTmp

Run Build Command:"/usr/bin/make" "cmTC_145b2/fast"
/Applications/Xcode.app/Contents/Developer/usr/bin/make -f CMakeFiles/cmTC_145b2.dir/build.make CMakeFiles/cmTC_145b2.dir/build
Building CXX object CMakeFiles/cmTC_145b2.dir/src.cxx.o
/Applications/Xcode.app/Contents/Developer/Toolchains/XcodeDefault.xctoolchain/usr/bin/c++    -DOpenMP_FLAG_DETECTED /openmp   -o CMakeFiles/cmTC_145b2.dir/src.cxx.o -c "/Users/Kyle/Google Drive/#Summer Research 2017/Code/CameraCalibration/src/aruco-2.0.19/build/CMakeFiles/CMakeTmp/src.cxx"
clang: error: no such file or directory: '/openmp'
make[1]: *** [CMakeFiles/cmTC_145b2.dir/src.cxx.o] Error 1
make: *** [cmTC_145b2/fast] Error 2

Source file was:

#include <omp.h>
int main() {
#ifdef _OPENMP
  return 0;
#else
  breaks_on_purpose
#endif
}

Performing C++ SOURCE FILE Test OpenMP_FLAG_DETECTED failed with the following output:
Change Dir: /Users/Kyle/Google Drive/#Summer Research 2017/Code/CameraCalibration/src/aruco-2.0.19/build/CMakeFiles/CMakeTmp

Run Build Command:"/usr/bin/make" "cmTC_82104/fast"
/Applications/Xcode.app/Contents/Developer/usr/bin/make -f CMakeFiles/cmTC_82104.dir/build.make CMakeFiles/cmTC_82104.dir/build
Building CXX object CMakeFiles/cmTC_82104.dir/src.cxx.o
/Applications/Xcode.app/Contents/Developer/Toolchains/XcodeDefault.xctoolchain/usr/bin/c++    -DOpenMP_FLAG_DETECTED -Qopenmp   -o CMakeFiles/cmTC_82104.dir/src.cxx.o -c "/Users/Kyle/Google Drive/#Summer Research 2017/Code/CameraCalibration/src/aruco-2.0.19/build/CMakeFiles/CMakeTmp/src.cxx"
clang: error: unknown argument: '-Qopenmp'
make[1]: *** [CMakeFiles/cmTC_82104.dir/src.cxx.o] Error 1
make: *** [cmTC_82104/fast] Error 2

Source file was:

#include <omp.h>
int main() {
#ifdef _OPENMP
  return 0;
#else
  breaks_on_purpose
#endif
}

Performing C++ SOURCE FILE Test OpenMP_FLAG_DETECTED failed with the following output:
Change Dir: /Users/Kyle/Google Drive/#Summer Research 2017/Code/CameraCalibration/src/aruco-2.0.19/build/CMakeFiles/CMakeTmp

Run Build Command:"/usr/bin/make" "cmTC_7cd25/fast"
/Applications/Xcode.app/Contents/Developer/usr/bin/make -f CMakeFiles/cmTC_7cd25.dir/build.make CMakeFiles/cmTC_7cd25.dir/build
Building CXX object CMakeFiles/cmTC_7cd25.dir/src.cxx.o
/Applications/Xcode.app/Contents/Developer/Toolchains/XcodeDefault.xctoolchain/usr/bin/c++    -DOpenMP_FLAG_DETECTED -openmp   -o CMakeFiles/cmTC_7cd25.dir/src.cxx.o -c "/Users/Kyle/Google Drive/#Summer Research 2017/Code/CameraCalibration/src/aruco-2.0.19/build/CMakeFiles/CMakeTmp/src.cxx"
/Users/Kyle/Google Drive/#Summer Research 2017/Code/CameraCalibration/src/aruco-2.0.19/build/CMakeFiles/CMakeTmp/src.cxx:2:10: fatal error: 'omp.h' file not found
#include <omp.h>
         ^
1 error generated.
make[1]: *** [CMakeFiles/cmTC_7cd25.dir/src.cxx.o] Error 1
make: *** [cmTC_7cd25/fast] Error 2

Source file was:

#include <omp.h>
int main() {
#ifdef _OPENMP
  return 0;
#else
  breaks_on_purpose
#endif
}

Performing C++ SOURCE FILE Test OpenMP_FLAG_DETECTED failed with the following output:
Change Dir: /Users/Kyle/Google Drive/#Summer Research 2017/Code/CameraCalibration/src/aruco-2.0.19/build/CMakeFiles/CMakeTmp

Run Build Command:"/usr/bin/make" "cmTC_c40e9/fast"
/Applications/Xcode.app/Contents/Developer/usr/bin/make -f CMakeFiles/cmTC_c40e9.dir/build.make CMakeFiles/cmTC_c40e9.dir/build
Building CXX object CMakeFiles/cmTC_c40e9.dir/src.cxx.o
/Applications/Xcode.app/Contents/Developer/Toolchains/XcodeDefault.xctoolchain/usr/bin/c++    -DOpenMP_FLAG_DETECTED -xopenmp   -o CMakeFiles/cmTC_c40e9.dir/src.cxx.o -c "/Users/Kyle/Google Drive/#Summer Research 2017/Code/CameraCalibration/src/aruco-2.0.19/build/CMakeFiles/CMakeTmp/src.cxx"
clang: error: language not recognized: 'openmp'
clang: warning: /Users/Kyle/Google Drive/#Summer Research 2017/Code/CameraCalibration/src/aruco-2.0.19/build/CMakeFiles/CMakeTmp/src.cxx: 'linker' input unused [-Wunused-command-line-argument]
make[1]: *** [CMakeFiles/cmTC_c40e9.dir/src.cxx.o] Error 1
make: *** [cmTC_c40e9/fast] Error 2

Source file was:

#include <omp.h>
int main() {
#ifdef _OPENMP
  return 0;
#else
  breaks_on_purpose
#endif
}

Performing C++ SOURCE FILE Test OpenMP_FLAG_DETECTED failed with the following output:
Change Dir: /Users/Kyle/Google Drive/#Summer Research 2017/Code/CameraCalibration/src/aruco-2.0.19/build/CMakeFiles/CMakeTmp

Run Build Command:"/usr/bin/make" "cmTC_d75cb/fast"
/Applications/Xcode.app/Contents/Developer/usr/bin/make -f CMakeFiles/cmTC_d75cb.dir/build.make CMakeFiles/cmTC_d75cb.dir/build
Building CXX object CMakeFiles/cmTC_d75cb.dir/src.cxx.o
/Applications/Xcode.app/Contents/Developer/Toolchains/XcodeDefault.xctoolchain/usr/bin/c++    -DOpenMP_FLAG_DETECTED +Oopenmp   -o CMakeFiles/cmTC_d75cb.dir/src.cxx.o -c "/Users/Kyle/Google Drive/#Summer Research 2017/Code/CameraCalibration/src/aruco-2.0.19/build/CMakeFiles/CMakeTmp/src.cxx"
clang: error: no such file or directory: '+Oopenmp'
make[1]: *** [CMakeFiles/cmTC_d75cb.dir/src.cxx.o] Error 1
make: *** [cmTC_d75cb/fast] Error 2

Source file was:

#include <omp.h>
int main() {
#ifdef _OPENMP
  return 0;
#else
  breaks_on_purpose
#endif
}

Performing C++ SOURCE FILE Test OpenMP_FLAG_DETECTED failed with the following output:
Change Dir: /Users/Kyle/Google Drive/#Summer Research 2017/Code/CameraCalibration/src/aruco-2.0.19/build/CMakeFiles/CMakeTmp

Run Build Command:"/usr/bin/make" "cmTC_ca9a3/fast"
/Applications/Xcode.app/Contents/Developer/usr/bin/make -f CMakeFiles/cmTC_ca9a3.dir/build.make CMakeFiles/cmTC_ca9a3.dir/build
Building CXX object CMakeFiles/cmTC_ca9a3.dir/src.cxx.o
/Applications/Xcode.app/Contents/Developer/Toolchains/XcodeDefault.xctoolchain/usr/bin/c++    -DOpenMP_FLAG_DETECTED -qsmp   -o CMakeFiles/cmTC_ca9a3.dir/src.cxx.o -c "/Users/Kyle/Google Drive/#Summer Research 2017/Code/CameraCalibration/src/aruco-2.0.19/build/CMakeFiles/CMakeTmp/src.cxx"
clang: error: unknown argument: '-qsmp'
make[1]: *** [CMakeFiles/cmTC_ca9a3.dir/src.cxx.o] Error 1
make: *** [cmTC_ca9a3/fast] Error 2

Source file was:

#include <omp.h>
int main() {
#ifdef _OPENMP
  return 0;
#else
  breaks_on_purpose
#endif
}

Performing C++ SOURCE FILE Test OpenMP_FLAG_DETECTED failed with the following output:
Change Dir: /Users/Kyle/Google Drive/#Summer Research 2017/Code/CameraCalibration/src/aruco-2.0.19/build/CMakeFiles/CMakeTmp

Run Build Command:"/usr/bin/make" "cmTC_3def3/fast"
/Applications/Xcode.app/Contents/Developer/usr/bin/make -f CMakeFiles/cmTC_3def3.dir/build.make CMakeFiles/cmTC_3def3.dir/build
Building CXX object CMakeFiles/cmTC_3def3.dir/src.cxx.o
/Applications/Xcode.app/Contents/Developer/Toolchains/XcodeDefault.xctoolchain/usr/bin/c++    -DOpenMP_FLAG_DETECTED -mp   -o CMakeFiles/cmTC_3def3.dir/src.cxx.o -c "/Users/Kyle/Google Drive/#Summer Research 2017/Code/CameraCalibration/src/aruco-2.0.19/build/CMakeFiles/CMakeTmp/src.cxx"
clang: error: unknown argument: '-mp'
make[1]: *** [CMakeFiles/cmTC_3def3.dir/src.cxx.o] Error 1
make: *** [cmTC_3def3/fast] Error 2

Source file was:

#include <omp.h>
int main() {
#ifdef _OPENMP
  return 0;
#else
  breaks_on_purpose
#endif
}

